{
"/ssddrive/code/SP/gui_new/src/app/about/about.component.ts":{"path":"/ssddrive/code/SP/gui_new/src/app/about/about.component.ts","s":{"1":1,"2":1,"3":1,"4":1,"5":1,"6":1,"7":1,"8":1},"b":{},"f":{"1":1,"2":1,"3":1},"fnMap":{"1":{"name":"(anonymous_1)","line":3,"loc":{"start":{"line":3,"column":22},"end":{"line":3,"column":34}}},"2":{"name":"AboutComponent","line":4,"loc":{"start":{"line":4,"column":4},"end":{"line":4,"column":30}}},"3":{"name":"(anonymous_3)","line":7,"loc":{"start":{"line":7,"column":40},"end":{"line":7,"column":52}}}},"statementMap":{"1":{"start":{"line":2,"column":0},"end":{"line":2,"column":38}},"2":{"start":{"line":3,"column":0},"end":{"line":19,"column":5}},"3":{"start":{"line":4,"column":4},"end":{"line":6,"column":5}},"4":{"start":{"line":7,"column":4},"end":{"line":9,"column":6}},"5":{"start":{"line":8,"column":8},"end":{"line":8,"column":35}},"6":{"start":{"line":10,"column":4},"end":{"line":17,"column":23}},"7":{"start":{"line":18,"column":4},"end":{"line":18,"column":26}},"8":{"start":{"line":20,"column":0},"end":{"line":20,"column":40}}},"branchMap":{},"code":["\"use strict\";","var core_1 = require('@angular/core');","var AboutComponent = (function () {","    function AboutComponent() {","        // Do stuff","    }","    AboutComponent.prototype.ngOnInit = function () {","        console.log('Hello About');","    };","    AboutComponent = __decorate([","        core_1.Component({","            selector: 'my-about',","            template: require('./about.component.html'),","            styles: [require('./about.component.scss')]","        }), ","        __metadata('design:paramtypes', [])","    ], AboutComponent);","    return AboutComponent;","}());","exports.AboutComponent = AboutComponent;","//# sourceMappingURL=data:application/json;base64,eyJ2ZXJzaW9uIjozLCJmaWxlIjoiYWJvdXQuY29tcG9uZW50LmpzIiwic291cmNlUm9vdCI6IiIsInNvdXJjZXMiOlsiYWJvdXQuY29tcG9uZW50LnRzIl0sIm5hbWVzIjpbXSwibWFwcGluZ3MiOiI7QUFBQSxxQkFBa0MsZUFBZSxDQUFDLENBQUE7QUFPbEQ7SUFFRTtRQUNFLFdBQVc7SUFDYixDQUFDO0lBRUQsaUNBQVEsR0FBUjtRQUNFLE9BQU8sQ0FBQyxHQUFHLENBQUMsYUFBYSxDQUFDLENBQUM7SUFDN0IsQ0FBQztJQWJIO1FBQUMsZ0JBQVMsQ0FBQztZQUNULFFBQVEsRUFBRSxVQUFVO1lBQ3BCLFFBQVEsRUFBRSxPQUFPLENBQUMsd0JBQXdCLENBQUM7WUFDM0MsTUFBTSxFQUFFLENBQUMsT0FBTyxDQUFDLHdCQUF3QixDQUFDLENBQUM7U0FDNUMsQ0FBQzs7c0JBQUE7SUFXRixxQkFBQztBQUFELENBQUMsQUFWRCxJQVVDO0FBVlksc0JBQWMsaUJBVTFCLENBQUEifQ=="],"l":{"2":1,"3":1,"4":1,"7":1,"8":1,"10":1,"18":1,"20":1}},
"/ssddrive/code/SP/gui_new/src/app/shared/index.ts":{"path":"/ssddrive/code/SP/gui_new/src/app/shared/index.ts","s":{"1":1,"2":1,"3":1,"4":1,"5":1},"b":{"1":[1,0]},"f":{"1":1},"fnMap":{"1":{"name":"__export","line":2,"loc":{"start":{"line":2,"column":0},"end":{"line":2,"column":21}}}},"statementMap":{"1":{"start":{"line":2,"column":0},"end":{"line":4,"column":1}},"2":{"start":{"line":3,"column":4},"end":{"line":3,"column":71}},"3":{"start":{"line":3,"column":21},"end":{"line":3,"column":71}},"4":{"start":{"line":3,"column":53},"end":{"line":3,"column":71}},"5":{"start":{"line":5,"column":0},"end":{"line":5,"column":35}}},"branchMap":{"1":{"line":3,"type":"if","locations":[{"start":{"line":3,"column":21},"end":{"line":3,"column":21}},{"start":{"line":3,"column":21},"end":{"line":3,"column":21}}]}},"code":["\"use strict\";","function __export(m) {","    for (var p in m) if (!exports.hasOwnProperty(p)) exports[p] = m[p];","}","__export(require('./api.service'));","//# sourceMappingURL=data:application/json;base64,eyJ2ZXJzaW9uIjozLCJmaWxlIjoiaW5kZXguanMiLCJzb3VyY2VSb290IjoiIiwic291cmNlcyI6WyJpbmRleC50cyJdLCJuYW1lcyI6W10sIm1hcHBpbmdzIjoiOzs7O0FBQUEsaUJBQWMsZUFBZSxDQUFDLEVBQUEifQ=="],"l":{"2":1,"3":1,"5":1}},
"/ssddrive/code/SP/gui_new/src/app/shared/api.service.ts":{"path":"/ssddrive/code/SP/gui_new/src/app/shared/api.service.ts","s":{"1":1,"2":1,"3":1,"4":2,"5":1,"6":1,"7":1},"b":{},"f":{"1":1,"2":2},"fnMap":{"1":{"name":"(anonymous_1)","line":3,"loc":{"start":{"line":3,"column":18},"end":{"line":3,"column":30}}},"2":{"name":"ApiService","line":4,"loc":{"start":{"line":4,"column":4},"end":{"line":4,"column":26}}}},"statementMap":{"1":{"start":{"line":2,"column":0},"end":{"line":2,"column":38}},"2":{"start":{"line":3,"column":0},"end":{"line":12,"column":5}},"3":{"start":{"line":4,"column":4},"end":{"line":6,"column":5}},"4":{"start":{"line":5,"column":8},"end":{"line":5,"column":33}},"5":{"start":{"line":7,"column":4},"end":{"line":10,"column":19}},"6":{"start":{"line":11,"column":4},"end":{"line":11,"column":22}},"7":{"start":{"line":13,"column":0},"end":{"line":13,"column":32}}},"branchMap":{},"code":["\"use strict\";","var core_1 = require('@angular/core');","var ApiService = (function () {","    function ApiService() {","        this.title = 'Angular 2';","    }","    ApiService = __decorate([","        core_1.Injectable(), ","        __metadata('design:paramtypes', [])","    ], ApiService);","    return ApiService;","}());","exports.ApiService = ApiService;","//# sourceMappingURL=data:application/json;base64,eyJ2ZXJzaW9uIjozLCJmaWxlIjoiYXBpLnNlcnZpY2UuanMiLCJzb3VyY2VSb290IjoiIiwic291cmNlcyI6WyJhcGkuc2VydmljZS50cyJdLCJuYW1lcyI6W10sIm1hcHBpbmdzIjoiO0FBQUEscUJBQTJCLGVBQWUsQ0FBQyxDQUFBO0FBRzNDO0lBQUE7UUFDRSxVQUFLLEdBQUcsV0FBVyxDQUFDO0lBQ3RCLENBQUM7SUFIRDtRQUFDLGlCQUFVLEVBQUU7O2tCQUFBO0lBR2IsaUJBQUM7QUFBRCxDQUFDLEFBRkQsSUFFQztBQUZZLGtCQUFVLGFBRXRCLENBQUEifQ=="],"l":{"2":1,"3":1,"4":1,"5":2,"7":1,"11":1,"13":1}},
"/ssddrive/code/SP/gui_new/src/app/app.component.ts":{"path":"/ssddrive/code/SP/gui_new/src/app/app.component.ts","s":{"1":1,"2":1,"3":1,"4":1,"5":1,"6":1,"7":1,"8":1,"9":1,"10":0,"11":1},"b":{"1":[1,1,0],"2":[1,1]},"f":{"1":1,"2":1},"fnMap":{"1":{"name":"(anonymous_1)","line":5,"loc":{"start":{"line":5,"column":20},"end":{"line":5,"column":32}}},"2":{"name":"AppComponent","line":6,"loc":{"start":{"line":6,"column":4},"end":{"line":6,"column":31}}}},"statementMap":{"1":{"start":{"line":2,"column":0},"end":{"line":2,"column":38}},"2":{"start":{"line":3,"column":0},"end":{"line":3,"column":35}},"3":{"start":{"line":4,"column":0},"end":{"line":4,"column":29}},"4":{"start":{"line":5,"column":0},"end":{"line":21,"column":5}},"5":{"start":{"line":6,"column":4},"end":{"line":10,"column":5}},"6":{"start":{"line":7,"column":8},"end":{"line":7,"column":23}},"7":{"start":{"line":8,"column":8},"end":{"line":8,"column":65}},"8":{"start":{"line":11,"column":4},"end":{"line":18,"column":21}},"9":{"start":{"line":19,"column":4},"end":{"line":19,"column":24}},"10":{"start":{"line":20,"column":4},"end":{"line":20,"column":11}},"11":{"start":{"line":22,"column":0},"end":{"line":22,"column":36}}},"branchMap":{"1":{"line":17,"type":"binary-expr","locations":[{"start":{"line":17,"column":42},"end":{"line":17,"column":136}},{"start":{"line":17,"column":140},"end":{"line":17,"column":142}},{"start":{"line":17,"column":147},"end":{"line":17,"column":153}}]},"2":{"line":17,"type":"binary-expr","locations":[{"start":{"line":17,"column":55},"end":{"line":17,"column":97}},{"start":{"line":17,"column":101},"end":{"line":17,"column":120}}]}},"code":["\"use strict\";","var core_1 = require('@angular/core');","var shared_1 = require('./shared');","require('../style/app.scss');","var AppComponent = (function () {","    function AppComponent(api) {","        this.api = api;","        this.url = 'https://github.com/preboot/angular2-webpack';","        // Do something with api","    }","    AppComponent = __decorate([","        core_1.Component({","            selector: 'my-app',","            template: require('./app.component.html'),","            styles: [require('./app.component.scss')],","        }), ","        __metadata('design:paramtypes', [(typeof (_a = typeof shared_1.ApiService !== 'undefined' && shared_1.ApiService) === 'function' && _a) || Object])","    ], AppComponent);","    return AppComponent;","    var _a;","}());","exports.AppComponent = AppComponent;","//# sourceMappingURL=data:application/json;base64,eyJ2ZXJzaW9uIjozLCJmaWxlIjoiYXBwLmNvbXBvbmVudC5qcyIsInNvdXJjZVJvb3QiOiIiLCJzb3VyY2VzIjpbImFwcC5jb21wb25lbnQudHMiXSwibmFtZXMiOltdLCJtYXBwaW5ncyI6IjtBQUFBLHFCQUEwQixlQUFlLENBQUMsQ0FBQTtBQUUxQyx1QkFBMkIsVUFBVSxDQUFDLENBQUE7QUFFdEMsUUFBTyxtQkFBbUIsQ0FBQyxDQUFBO0FBTzNCO0lBR0Usc0JBQW9CLEdBQWU7UUFBZixRQUFHLEdBQUgsR0FBRyxDQUFZO1FBRm5DLFFBQUcsR0FBRyw2Q0FBNkMsQ0FBQztRQUdsRCx3QkFBd0I7SUFDMUIsQ0FBQztJQVZIO1FBQUMsZ0JBQVMsQ0FBQztZQUNULFFBQVEsRUFBRSxRQUFRO1lBQ2xCLFFBQVEsRUFBRSxPQUFPLENBQUMsc0JBQXNCLENBQUM7WUFDekMsTUFBTSxFQUFFLENBQUMsT0FBTyxDQUFDLHNCQUFzQixDQUFDLENBQUM7U0FDMUMsQ0FBQzs7b0JBQUE7SUFPRixtQkFBQzs7QUFBRCxDQUFDLEFBTkQsSUFNQztBQU5ZLG9CQUFZLGVBTXhCLENBQUEifQ=="],"l":{"2":1,"3":1,"4":1,"5":1,"6":1,"7":1,"8":1,"11":1,"19":1,"20":0,"22":1}},
"/ssddrive/code/SP/gui_new/src/app/home/home.component.ts":{"path":"/ssddrive/code/SP/gui_new/src/app/home/home.component.ts","s":{"1":1,"2":1,"3":1,"4":1,"5":1,"6":1,"7":1,"8":1},"b":{},"f":{"1":1,"2":1,"3":1},"fnMap":{"1":{"name":"(anonymous_1)","line":3,"loc":{"start":{"line":3,"column":21},"end":{"line":3,"column":33}}},"2":{"name":"HomeComponent","line":4,"loc":{"start":{"line":4,"column":4},"end":{"line":4,"column":29}}},"3":{"name":"(anonymous_3)","line":7,"loc":{"start":{"line":7,"column":39},"end":{"line":7,"column":51}}}},"statementMap":{"1":{"start":{"line":2,"column":0},"end":{"line":2,"column":38}},"2":{"start":{"line":3,"column":0},"end":{"line":19,"column":5}},"3":{"start":{"line":4,"column":4},"end":{"line":6,"column":5}},"4":{"start":{"line":7,"column":4},"end":{"line":9,"column":6}},"5":{"start":{"line":8,"column":8},"end":{"line":8,"column":34}},"6":{"start":{"line":10,"column":4},"end":{"line":17,"column":22}},"7":{"start":{"line":18,"column":4},"end":{"line":18,"column":25}},"8":{"start":{"line":20,"column":0},"end":{"line":20,"column":38}}},"branchMap":{},"code":["\"use strict\";","var core_1 = require('@angular/core');","var HomeComponent = (function () {","    function HomeComponent() {","        // Do stuff","    }","    HomeComponent.prototype.ngOnInit = function () {","        console.log('Hello Home');","    };","    HomeComponent = __decorate([","        core_1.Component({","            selector: 'my-home',","            template: require('./home.component.html'),","            styles: [require('./home.component.scss')]","        }), ","        __metadata('design:paramtypes', [])","    ], HomeComponent);","    return HomeComponent;","}());","exports.HomeComponent = HomeComponent;","//# sourceMappingURL=data:application/json;base64,eyJ2ZXJzaW9uIjozLCJmaWxlIjoiaG9tZS5jb21wb25lbnQuanMiLCJzb3VyY2VSb290IjoiIiwic291cmNlcyI6WyJob21lLmNvbXBvbmVudC50cyJdLCJuYW1lcyI6W10sIm1hcHBpbmdzIjoiO0FBQUEscUJBQWtDLGVBQWUsQ0FBQyxDQUFBO0FBT2xEO0lBRUU7UUFDRSxXQUFXO0lBQ2IsQ0FBQztJQUVELGdDQUFRLEdBQVI7UUFDRSxPQUFPLENBQUMsR0FBRyxDQUFDLFlBQVksQ0FBQyxDQUFDO0lBQzVCLENBQUM7SUFiSDtRQUFDLGdCQUFTLENBQUM7WUFDVCxRQUFRLEVBQUUsU0FBUztZQUNuQixRQUFRLEVBQUUsT0FBTyxDQUFDLHVCQUF1QixDQUFDO1lBQzFDLE1BQU0sRUFBRSxDQUFDLE9BQU8sQ0FBQyx1QkFBdUIsQ0FBQyxDQUFDO1NBQzNDLENBQUM7O3FCQUFBO0lBV0Ysb0JBQUM7QUFBRCxDQUFDLEFBVkQsSUFVQztBQVZZLHFCQUFhLGdCQVV6QixDQUFBIn0="],"l":{"2":1,"3":1,"4":1,"7":1,"8":1,"10":1,"18":1,"20":1}}}
